#
# There is insufficient memory for the Java Runtime Environment to continue.
# Native memory allocation (malloc) failed to allocate 50752 bytes for Chunk::new
# Possible reasons:
#   The system is out of physical RAM or swap space
#   In 32 bit mode, the process size limit was hit
# Possible solutions:
#   Reduce memory load on the system
#   Increase physical memory or swap space
#   Check if swap backing store is full
#   Use 64 bit Java on a 64 bit OS
#   Decrease Java heap size (-Xmx/-Xms)
#   Decrease number of Java threads
#   Decrease Java thread stack sizes (-Xss)
#   Set larger code cache with -XX:ReservedCodeCacheSize=
# This output file may be truncated or incomplete.
#
#  Out of Memory Error (allocation.cpp:323), pid=2760, tid=17456
#
# JRE version: Java(TM) SE Runtime Environment (7.0_79-b15) (build 1.7.0_79-b15)
# Java VM: Java HotSpot(TM) 64-Bit Server VM (24.79-b02 mixed mode windows-amd64 compressed oops)
# Failed to write core dump. Minidumps are not enabled by default on client versions of Windows
#

---------------  T H R E A D  ---------------

Current thread (0x000000000a833000):  JavaThread "C2 CompilerThread0" daemon [_thread_in_native, id=17456, stack(0x000000000bda0000,0x000000000bea0000)]

Stack: [0x000000000bda0000,0x000000000bea0000]

Current CompileTask:
C2:   3609   20             java.lang.AbstractStringBuilder::append (62 bytes)


---------------  P R O C E S S  ---------------

Java Threads: ( => current thread )
  0x000000000a844000 JavaThread "Service Thread" daemon [_thread_blocked, id=17464, stack(0x000000000bfa0000,0x000000000c0a0000)]
  0x000000000a840000 JavaThread "C2 CompilerThread1" daemon [_thread_blocked, id=17460, stack(0x000000000bea0000,0x000000000bfa0000)]
=>0x000000000a833000 JavaThread "C2 CompilerThread0" daemon [_thread_in_native, id=17456, stack(0x000000000bda0000,0x000000000bea0000)]
  0x000000000a832000 JavaThread "Attach Listener" daemon [_thread_blocked, id=17452, stack(0x000000000bca0000,0x000000000bda0000)]
  0x000000000a82f800 JavaThread "Signal Dispatcher" daemon [_thread_blocked, id=17448, stack(0x000000000bba0000,0x000000000bca0000)]
  0x000000000a7ff800 JavaThread "Finalizer" daemon [_thread_blocked, id=17444, stack(0x000000000baa0000,0x000000000bba0000)]
  0x000000000a7f6800 JavaThread "Reference Handler" daemon [_thread_blocked, id=17440, stack(0x000000000b9a0000,0x000000000baa0000)]
  0x00000000023f0800 JavaThread "main" [_thread_in_Java, id=17412, stack(0x0000000002150000,0x0000000002250000)]

Other Threads:
  0x000000000a7f1800 VMThread [stack: 0x000000000b8a0000,0x000000000b9a0000] [id=17436]
  0x000000000a851800 WatcherThread [stack: 0x000000000c0a0000,0x000000000c1a0000] [id=17468]

VM state:not at safepoint (normal execution)

VM Mutex/Monitor currently owned by a thread: None

Heap
 PSYoungGen      total 38400K, used 3994K [0x00000007d5b00000, 0x00000007d8580000, 0x0000000800000000)
  eden space 33280K, 12% used [0x00000007d5b00000,0x00000007d5ee6bc0,0x00000007d7b80000)
  from space 5120K, 0% used [0x00000007d8080000,0x00000007d8080000,0x00000007d8580000)
  to   space 5120K, 0% used [0x00000007d7b80000,0x00000007d7b80000,0x00000007d8080000)
 ParOldGen       total 86528K, used 0K [0x0000000781200000, 0x0000000786680000, 0x00000007d5b00000)
  object space 86528K, 0% used [0x0000000781200000,0x0000000781200000,0x0000000786680000)
 PSPermGen       total 21504K, used 3014K [0x000000077c000000, 0x000000077d500000, 0x0000000781200000)
  object space 21504K, 14% used [0x000000077c000000,0x000000077c2f18f8,0x000000077d500000)

Card table byte_map: [0x00000000055b0000,0x00000000059e0000] byte_map_base: 0x00000000019d0000

Polling page: 0x00000000009a0000

Code Cache  [0x00000000024f0000, 0x0000000002760000, 0x00000000054f0000)
 total_blobs=212 nmethods=23 adapters=142 free_code_cache=48734Kb largest_free_block=49884544

Compilation events (10 events):
Event: 3.438 Thread 0x000000000a840000   17             java.lang.AbstractStringBuilder::append (48 bytes)
Event: 3.439 Thread 0x000000000a833000   18             java.lang.StringBuilder::append (8 bytes)
Event: 3.444 Thread 0x000000000a840000 nmethod 17 0x0000000002558490 code [0x00000000025585e0, 0x00000000025589b8]
Event: 3.444 Thread 0x000000000a840000   19             java.lang.StringBuilder::append (8 bytes)
Event: 3.445 Thread 0x000000000a833000 nmethod 18 0x0000000002558cd0 code [0x0000000002558e20, 0x00000000025591f8]
Event: 3.445 Thread 0x000000000a833000   20             java.lang.AbstractStringBuilder::append (62 bytes)
Event: 3.470 Thread 0x000000000a840000 nmethod 19 0x0000000002555d90 code [0x0000000002555f20, 0x00000000025568d8]
Event: 3.470 Thread 0x000000000a840000   21             java.lang.Integer::stringSize (21 bytes)
Event: 3.472 Thread 0x000000000a840000 nmethod 21 0x0000000002559bd0 code [0x0000000002559d00, 0x0000000002559df8]
Event: 3.472 Thread 0x000000000a840000   22             java.lang.Integer::getChars (131 bytes)

GC Heap History (0 events):
No events

Deoptimization events (0 events):
No events

Internal exceptions (8 events):
Event: 0.076 Thread 0x00000000023f0800 Threw 0x00000007d5b09ea8 at C:\re\jdk7u79\2331\hotspot\src\share\vm\prims\jni.cpp:3991
Event: 0.117 Thread 0x00000000023f0800 Threw 0x00000007d5b4ac98 at C:\re\jdk7u79\2331\hotspot\src\share\vm\prims\jvm.cpp:1304
Event: 0.136 Thread 0x00000000023f0800 Threw 0x00000007d5b6c248 at C:\re\jdk7u79\2331\hotspot\src\share\vm\prims\jvm.cpp:1304
Event: 0.136 Thread 0x00000000023f0800 Threw 0x00000007d5b6c370 at C:\re\jdk7u79\2331\hotspot\src\share\vm\prims\jvm.cpp:1304
Event: 0.137 Thread 0x00000000023f0800 Threw 0x00000007d5b6f8a8 at C:\re\jdk7u79\2331\hotspot\src\share\vm\prims\jvm.cpp:1304
Event: 0.137 Thread 0x00000000023f0800 Threw 0x00000007d5b6f9d0 at C:\re\jdk7u79\2331\hotspot\src\share\vm\prims\jvm.cpp:1304
Event: 0.145 Thread 0x00000000023f0800 Threw 0x00000007d5b7d2b0 at C:\re\jdk7u79\2331\hotspot\src\share\vm\prims\jvm.cpp:1304
Event: 3.191 Thread 0x00000000023f0800 Threw 0x00000007d5b875b8 at C:\re\jdk7u79\2331\hotspot\src\share\vm\prims\jvm.cpp:1304

Events (10 events):
Event: 0.145 loading class 0x000000000a8589b0
Event: 0.145 loading class 0x000000000a8589b0 done
Event: 0.145 loading class 0x000000000a86a620
Event: 0.145 loading class 0x000000000a86a620 done
Event: 0.145 loading class 0x000000000a86a5b0
Event: 0.145 loading class 0x000000000a86a5b0 done
Event: 0.145 loading class 0x000000000a842cc0
Event: 0.145 loading class 0x000000000a842cc0 done
Event: 3.191 loading class 0x000000000a8583a0
Event: 3.191 loading class 0x000000000a8583a0 done


Dynamic libraries:
0x00007ff6efc00000 - 0x00007ff6efc33000 	C:\Program Files\Java\jre7\bin\javaw.exe
0x00007fffbda20000 - 0x00007fffbdbf1000 	C:\WINDOWS\SYSTEM32\ntdll.dll
0x00007fffbc8e0000 - 0x00007fffbc98b000 	C:\WINDOWS\System32\KERNEL32.DLL
0x00007fffba110000 - 0x00007fffba32d000 	C:\WINDOWS\System32\KERNELBASE.dll
0x00007fffbd000000 - 0x00007fffbd0a2000 	C:\WINDOWS\System32\ADVAPI32.dll
0x00007fffbc9c0000 - 0x00007fffbca5e000 	C:\WINDOWS\System32\msvcrt.dll
0x00007fffbd890000 - 0x00007fffbd8e9000 	C:\WINDOWS\System32\sechost.dll
0x00007fffbd8f0000 - 0x00007fffbda11000 	C:\WINDOWS\System32\RPCRT4.dll
0x00007fffbb180000 - 0x00007fffbb2e5000 	C:\WINDOWS\System32\USER32.dll
0x00007fffba490000 - 0x00007fffba4ae000 	C:\WINDOWS\System32\win32u.dll
0x00007fffbd4e0000 - 0x00007fffbd514000 	C:\WINDOWS\System32\GDI32.dll
0x00007fffb9f80000 - 0x00007fffba102000 	C:\WINDOWS\System32\gdi32full.dll
0x00007fffaf270000 - 0x00007fffaf4e9000 	C:\WINDOWS\WinSxS\amd64_microsoft.windows.common-controls_6595b64144ccf1df_6.0.14393.447_none_42191651c6827bb3\COMCTL32.dll
0x00007fffbd5c0000 - 0x00007fffbd887000 	C:\WINDOWS\System32\combase.dll
0x00007fffbaeb0000 - 0x00007fffbafa5000 	C:\WINDOWS\System32\ucrtbase.dll
0x00007fffb9f10000 - 0x00007fffb9f7a000 	C:\WINDOWS\System32\bcryptPrimitives.dll
0x00007fffbc990000 - 0x00007fffbc9be000 	C:\WINDOWS\System32\IMM32.DLL
0x0000000070020000 - 0x00000000700f2000 	C:\Program Files\Java\jre7\bin\msvcr100.dll
0x000000006f840000 - 0x0000000070015000 	C:\Program Files\Java\jre7\bin\server\jvm.dll
0x00007fffbcf90000 - 0x00007fffbcf98000 	C:\WINDOWS\System32\PSAPI.DLL
0x00007fffa84d0000 - 0x00007fffa84d9000 	C:\WINDOWS\SYSTEM32\WSOCK32.dll
0x00007fffbcc30000 - 0x00007fffbcc9a000 	C:\WINDOWS\System32\WS2_32.dll
0x00007fffb6c70000 - 0x00007fffb6c93000 	C:\WINDOWS\SYSTEM32\WINMM.dll
0x00007fffb6c10000 - 0x00007fffb6c3b000 	C:\WINDOWS\SYSTEM32\WINMMBASE.dll
0x00007fffba510000 - 0x00007fffba552000 	C:\WINDOWS\System32\cfgmgr32.dll
0x000000006f830000 - 0x000000006f83f000 	C:\Program Files\Java\jre7\bin\verify.dll
0x000000006f800000 - 0x000000006f828000 	C:\Program Files\Java\jre7\bin\java.dll
0x000000006f7e0000 - 0x000000006f7f5000 	C:\Program Files\Java\jre7\bin\zip.dll

VM Arguments:
jvm_args: -Dfile.encoding=Cp1252 
java_command: BinaryTreeDriver
Launcher Type: SUN_STANDARD

Environment Variables:
PATH=C:\WINDOWS\system32;C:\WINDOWS;C:\WINDOWS\System32\Wbem;C:\WINDOWS\System32\WindowsPowerShell\v1.0\;C:\Users\Saint Aghapy\AppData\Local\Microsoft\WindowsApps;
USERNAME=Saint Aghapy
OS=Windows_NT
PROCESSOR_IDENTIFIER=Intel64 Family 6 Model 69 Stepping 1, GenuineIntel



---------------  S Y S T E M  ---------------

OS: Windows 8.1 , 64 bit Build 9600 

CPU:total 4 (2 cores per cpu, 2 threads per core) family 6 model 69 stepping 1, cmov, cx8, fxsr, mmx, sse, sse2, sse3, ssse3, sse4.1, sse4.2, popcnt, avx, avx2, aes, erms, ht, tsc, tscinvbit

Memory: 4k page, physical 8311064k(3565012k free), swap 33476888k(1992k free)

vm_info: Java HotSpot(TM) 64-Bit Server VM (24.79-b02) for windows-amd64 JRE (1.7.0_79-b15), built on Apr 10 2015 12:36:16 by "java_re" with unknown MS VC++:1600

time: Thu Dec 08 15:43:37 2016
elapsed time: 3 seconds

